[2023-12-28 00:00:08,959: INFO/MainProcess] beat: Starting...
[2023-12-28 00:00:15,222: INFO/MainProcess] beat: Starting...
[2023-12-28 00:00:20,362: INFO/MainProcess] DatabaseScheduler: Schedule changed.
[2023-12-28 00:00:30,462: INFO/MainProcess] DatabaseScheduler: Schedule changed.
[2023-12-28 00:00:47,314: INFO/MainProcess] Scheduler: Sending due task Check Network Device Status Every 2 Minutes (it_purchase_list.tasks.check_network_devices_status)
[2023-12-28 00:02:47,323: INFO/MainProcess] Scheduler: Sending due task Check Network Device Status Every 2 Minutes (it_purchase_list.tasks.check_network_devices_status)
[2023-12-28 00:04:47,333: INFO/MainProcess] Scheduler: Sending due task Check Network Device Status Every 2 Minutes (it_purchase_list.tasks.check_network_devices_status)
[2023-12-28 00:06:47,344: INFO/MainProcess] Scheduler: Sending due task Check Network Device Status Every 2 Minutes (it_purchase_list.tasks.check_network_devices_status)
[2023-12-28 00:08:47,354: INFO/MainProcess] Scheduler: Sending due task Check Network Device Status Every 2 Minutes (it_purchase_list.tasks.check_network_devices_status)
[2023-12-28 00:10:47,365: INFO/MainProcess] Scheduler: Sending due task Check Network Device Status Every 2 Minutes (it_purchase_list.tasks.check_network_devices_status)
[2023-12-28 00:12:47,376: INFO/MainProcess] Scheduler: Sending due task Check Network Device Status Every 2 Minutes (it_purchase_list.tasks.check_network_devices_status)
[2023-12-28 00:14:47,386: INFO/MainProcess] Scheduler: Sending due task Check Network Device Status Every 2 Minutes (it_purchase_list.tasks.check_network_devices_status)
[2023-12-28 00:16:47,396: INFO/MainProcess] Scheduler: Sending due task Check Network Device Status Every 2 Minutes (it_purchase_list.tasks.check_network_devices_status)
[2023-12-28 00:18:47,407: INFO/MainProcess] Scheduler: Sending due task Check Network Device Status Every 2 Minutes (it_purchase_list.tasks.check_network_devices_status)
[2023-12-28 00:20:47,417: INFO/MainProcess] Scheduler: Sending due task Check Network Device Status Every 2 Minutes (it_purchase_list.tasks.check_network_devices_status)
[2023-12-28 00:22:47,427: INFO/MainProcess] Scheduler: Sending due task Check Network Device Status Every 2 Minutes (it_purchase_list.tasks.check_network_devices_status)
[2023-12-28 00:24:47,438: INFO/MainProcess] Scheduler: Sending due task Check Network Device Status Every 2 Minutes (it_purchase_list.tasks.check_network_devices_status)
[2023-12-28 00:26:47,448: INFO/MainProcess] Scheduler: Sending due task Check Network Device Status Every 2 Minutes (it_purchase_list.tasks.check_network_devices_status)
[2023-12-28 00:28:47,458: INFO/MainProcess] Scheduler: Sending due task Check Network Device Status Every 2 Minutes (it_purchase_list.tasks.check_network_devices_status)
[2023-12-28 00:30:47,469: INFO/MainProcess] Scheduler: Sending due task Check Network Device Status Every 2 Minutes (it_purchase_list.tasks.check_network_devices_status)
[2023-12-28 00:32:47,480: INFO/MainProcess] Scheduler: Sending due task Check Network Device Status Every 2 Minutes (it_purchase_list.tasks.check_network_devices_status)
[2023-12-28 00:34:47,490: INFO/MainProcess] Scheduler: Sending due task Check Network Device Status Every 2 Minutes (it_purchase_list.tasks.check_network_devices_status)
[2023-12-28 00:36:47,501: INFO/MainProcess] Scheduler: Sending due task Check Network Device Status Every 2 Minutes (it_purchase_list.tasks.check_network_devices_status)
[2023-12-28 00:38:47,511: INFO/MainProcess] Scheduler: Sending due task Check Network Device Status Every 2 Minutes (it_purchase_list.tasks.check_network_devices_status)
[2023-12-28 00:40:47,521: INFO/MainProcess] Scheduler: Sending due task Check Network Device Status Every 2 Minutes (it_purchase_list.tasks.check_network_devices_status)
[2023-12-28 00:42:47,532: INFO/MainProcess] Scheduler: Sending due task Check Network Device Status Every 2 Minutes (it_purchase_list.tasks.check_network_devices_status)
[2023-12-28 00:44:47,542: INFO/MainProcess] Scheduler: Sending due task Check Network Device Status Every 2 Minutes (it_purchase_list.tasks.check_network_devices_status)
[2023-12-28 00:46:47,552: INFO/MainProcess] Scheduler: Sending due task Check Network Device Status Every 2 Minutes (it_purchase_list.tasks.check_network_devices_status)
[2023-12-28 00:48:47,562: INFO/MainProcess] Scheduler: Sending due task Check Network Device Status Every 2 Minutes (it_purchase_list.tasks.check_network_devices_status)
[2023-12-28 00:50:47,573: INFO/MainProcess] Scheduler: Sending due task Check Network Device Status Every 2 Minutes (it_purchase_list.tasks.check_network_devices_status)
[2023-12-28 00:52:47,584: INFO/MainProcess] Scheduler: Sending due task Check Network Device Status Every 2 Minutes (it_purchase_list.tasks.check_network_devices_status)
[2023-12-28 00:54:47,595: INFO/MainProcess] Scheduler: Sending due task Check Network Device Status Every 2 Minutes (it_purchase_list.tasks.check_network_devices_status)
[2023-12-28 00:56:47,605: INFO/MainProcess] Scheduler: Sending due task Check Network Device Status Every 2 Minutes (it_purchase_list.tasks.check_network_devices_status)
[2023-12-28 00:58:47,616: INFO/MainProcess] Scheduler: Sending due task Check Network Device Status Every 2 Minutes (it_purchase_list.tasks.check_network_devices_status)
[2023-12-28 01:00:47,627: INFO/MainProcess] Scheduler: Sending due task Check Network Device Status Every 2 Minutes (it_purchase_list.tasks.check_network_devices_status)
[2023-12-28 01:02:47,637: INFO/MainProcess] Scheduler: Sending due task Check Network Device Status Every 2 Minutes (it_purchase_list.tasks.check_network_devices_status)
[2023-12-28 01:04:47,647: INFO/MainProcess] Scheduler: Sending due task Check Network Device Status Every 2 Minutes (it_purchase_list.tasks.check_network_devices_status)
[2023-12-28 01:06:47,659: INFO/MainProcess] Scheduler: Sending due task Check Network Device Status Every 2 Minutes (it_purchase_list.tasks.check_network_devices_status)
[2023-12-28 01:08:47,670: INFO/MainProcess] Scheduler: Sending due task Check Network Device Status Every 2 Minutes (it_purchase_list.tasks.check_network_devices_status)
[2023-12-28 01:10:47,681: INFO/MainProcess] Scheduler: Sending due task Check Network Device Status Every 2 Minutes (it_purchase_list.tasks.check_network_devices_status)
[2023-12-28 01:12:47,692: INFO/MainProcess] Scheduler: Sending due task Check Network Device Status Every 2 Minutes (it_purchase_list.tasks.check_network_devices_status)
[2023-12-28 01:14:47,703: INFO/MainProcess] Scheduler: Sending due task Check Network Device Status Every 2 Minutes (it_purchase_list.tasks.check_network_devices_status)
[2023-12-28 01:16:47,714: INFO/MainProcess] Scheduler: Sending due task Check Network Device Status Every 2 Minutes (it_purchase_list.tasks.check_network_devices_status)
[2023-12-28 01:18:47,724: INFO/MainProcess] Scheduler: Sending due task Check Network Device Status Every 2 Minutes (it_purchase_list.tasks.check_network_devices_status)
[2023-12-28 01:20:47,735: INFO/MainProcess] Scheduler: Sending due task Check Network Device Status Every 2 Minutes (it_purchase_list.tasks.check_network_devices_status)
[2023-12-28 01:22:47,745: INFO/MainProcess] Scheduler: Sending due task Check Network Device Status Every 2 Minutes (it_purchase_list.tasks.check_network_devices_status)
[2023-12-28 01:24:47,756: INFO/MainProcess] Scheduler: Sending due task Check Network Device Status Every 2 Minutes (it_purchase_list.tasks.check_network_devices_status)
[2023-12-28 01:26:47,767: INFO/MainProcess] Scheduler: Sending due task Check Network Device Status Every 2 Minutes (it_purchase_list.tasks.check_network_devices_status)
[2023-12-28 01:28:47,777: INFO/MainProcess] Scheduler: Sending due task Check Network Device Status Every 2 Minutes (it_purchase_list.tasks.check_network_devices_status)
[2023-12-28 01:30:47,789: INFO/MainProcess] Scheduler: Sending due task Check Network Device Status Every 2 Minutes (it_purchase_list.tasks.check_network_devices_status)
[2023-12-28 01:32:47,800: INFO/MainProcess] Scheduler: Sending due task Check Network Device Status Every 2 Minutes (it_purchase_list.tasks.check_network_devices_status)
[2023-12-28 01:34:47,811: INFO/MainProcess] Scheduler: Sending due task Check Network Device Status Every 2 Minutes (it_purchase_list.tasks.check_network_devices_status)
[2023-12-28 01:36:47,821: INFO/MainProcess] Scheduler: Sending due task Check Network Device Status Every 2 Minutes (it_purchase_list.tasks.check_network_devices_status)
[2023-12-28 01:38:47,831: INFO/MainProcess] Scheduler: Sending due task Check Network Device Status Every 2 Minutes (it_purchase_list.tasks.check_network_devices_status)
[2023-12-28 01:40:47,841: INFO/MainProcess] Scheduler: Sending due task Check Network Device Status Every 2 Minutes (it_purchase_list.tasks.check_network_devices_status)
[2023-12-28 01:42:47,852: INFO/MainProcess] Scheduler: Sending due task Check Network Device Status Every 2 Minutes (it_purchase_list.tasks.check_network_devices_status)
[2023-12-28 01:44:47,862: INFO/MainProcess] Scheduler: Sending due task Check Network Device Status Every 2 Minutes (it_purchase_list.tasks.check_network_devices_status)
[2023-12-28 01:46:47,872: INFO/MainProcess] Scheduler: Sending due task Check Network Device Status Every 2 Minutes (it_purchase_list.tasks.check_network_devices_status)
[2023-12-28 01:48:47,883: INFO/MainProcess] Scheduler: Sending due task Check Network Device Status Every 2 Minutes (it_purchase_list.tasks.check_network_devices_status)
[2023-12-28 01:50:47,894: INFO/MainProcess] Scheduler: Sending due task Check Network Device Status Every 2 Minutes (it_purchase_list.tasks.check_network_devices_status)
[2023-12-28 01:52:47,904: INFO/MainProcess] Scheduler: Sending due task Check Network Device Status Every 2 Minutes (it_purchase_list.tasks.check_network_devices_status)
[2023-12-28 01:54:47,915: INFO/MainProcess] Scheduler: Sending due task Check Network Device Status Every 2 Minutes (it_purchase_list.tasks.check_network_devices_status)
[2023-12-28 01:56:47,926: INFO/MainProcess] Scheduler: Sending due task Check Network Device Status Every 2 Minutes (it_purchase_list.tasks.check_network_devices_status)
[2023-12-28 01:58:47,937: INFO/MainProcess] Scheduler: Sending due task Check Network Device Status Every 2 Minutes (it_purchase_list.tasks.check_network_devices_status)
[2023-12-28 02:00:47,948: INFO/MainProcess] Scheduler: Sending due task Check Network Device Status Every 2 Minutes (it_purchase_list.tasks.check_network_devices_status)
[2023-12-28 02:02:47,959: INFO/MainProcess] Scheduler: Sending due task Check Network Device Status Every 2 Minutes (it_purchase_list.tasks.check_network_devices_status)
[2023-12-28 02:04:47,969: INFO/MainProcess] Scheduler: Sending due task Check Network Device Status Every 2 Minutes (it_purchase_list.tasks.check_network_devices_status)
[2023-12-28 02:06:47,981: INFO/MainProcess] Scheduler: Sending due task Check Network Device Status Every 2 Minutes (it_purchase_list.tasks.check_network_devices_status)
[2023-12-28 02:08:47,990: INFO/MainProcess] Scheduler: Sending due task Check Network Device Status Every 2 Minutes (it_purchase_list.tasks.check_network_devices_status)
[2023-12-28 02:10:48,001: INFO/MainProcess] Scheduler: Sending due task Check Network Device Status Every 2 Minutes (it_purchase_list.tasks.check_network_devices_status)
[2023-12-28 02:12:48,010: INFO/MainProcess] Scheduler: Sending due task Check Network Device Status Every 2 Minutes (it_purchase_list.tasks.check_network_devices_status)
[2023-12-28 02:14:48,022: INFO/MainProcess] Scheduler: Sending due task Check Network Device Status Every 2 Minutes (it_purchase_list.tasks.check_network_devices_status)
[2023-12-28 02:16:48,031: INFO/MainProcess] Scheduler: Sending due task Check Network Device Status Every 2 Minutes (it_purchase_list.tasks.check_network_devices_status)
[2023-12-28 02:18:48,041: INFO/MainProcess] Scheduler: Sending due task Check Network Device Status Every 2 Minutes (it_purchase_list.tasks.check_network_devices_status)
[2023-12-28 02:20:48,050: INFO/MainProcess] Scheduler: Sending due task Check Network Device Status Every 2 Minutes (it_purchase_list.tasks.check_network_devices_status)
[2023-12-28 02:22:48,062: INFO/MainProcess] Scheduler: Sending due task Check Network Device Status Every 2 Minutes (it_purchase_list.tasks.check_network_devices_status)
[2023-12-28 02:24:48,072: INFO/MainProcess] Scheduler: Sending due task Check Network Device Status Every 2 Minutes (it_purchase_list.tasks.check_network_devices_status)
[2023-12-28 02:26:48,083: INFO/MainProcess] Scheduler: Sending due task Check Network Device Status Every 2 Minutes (it_purchase_list.tasks.check_network_devices_status)
[2023-12-28 02:28:48,092: INFO/MainProcess] Scheduler: Sending due task Check Network Device Status Every 2 Minutes (it_purchase_list.tasks.check_network_devices_status)
[2023-12-28 02:30:48,103: INFO/MainProcess] Scheduler: Sending due task Check Network Device Status Every 2 Minutes (it_purchase_list.tasks.check_network_devices_status)
[2023-12-28 02:32:48,112: INFO/MainProcess] Scheduler: Sending due task Check Network Device Status Every 2 Minutes (it_purchase_list.tasks.check_network_devices_status)
[2023-12-28 02:34:48,123: INFO/MainProcess] Scheduler: Sending due task Check Network Device Status Every 2 Minutes (it_purchase_list.tasks.check_network_devices_status)
[2023-12-28 02:36:48,132: INFO/MainProcess] Scheduler: Sending due task Check Network Device Status Every 2 Minutes (it_purchase_list.tasks.check_network_devices_status)
[2023-12-28 02:38:48,144: INFO/MainProcess] Scheduler: Sending due task Check Network Device Status Every 2 Minutes (it_purchase_list.tasks.check_network_devices_status)
[2023-12-28 02:40:48,153: INFO/MainProcess] Scheduler: Sending due task Check Network Device Status Every 2 Minutes (it_purchase_list.tasks.check_network_devices_status)
[2023-12-28 02:42:48,164: INFO/MainProcess] Scheduler: Sending due task Check Network Device Status Every 2 Minutes (it_purchase_list.tasks.check_network_devices_status)
[2023-12-28 02:44:48,174: INFO/MainProcess] Scheduler: Sending due task Check Network Device Status Every 2 Minutes (it_purchase_list.tasks.check_network_devices_status)
[2023-12-28 02:46:48,184: INFO/MainProcess] Scheduler: Sending due task Check Network Device Status Every 2 Minutes (it_purchase_list.tasks.check_network_devices_status)
[2023-12-28 02:48:48,195: INFO/MainProcess] Scheduler: Sending due task Check Network Device Status Every 2 Minutes (it_purchase_list.tasks.check_network_devices_status)
[2023-12-28 02:50:48,205: INFO/MainProcess] Scheduler: Sending due task Check Network Device Status Every 2 Minutes (it_purchase_list.tasks.check_network_devices_status)
[2023-12-28 02:52:48,215: INFO/MainProcess] Scheduler: Sending due task Check Network Device Status Every 2 Minutes (it_purchase_list.tasks.check_network_devices_status)
[2023-12-28 02:54:48,226: INFO/MainProcess] Scheduler: Sending due task Check Network Device Status Every 2 Minutes (it_purchase_list.tasks.check_network_devices_status)
[2023-12-28 02:56:48,235: INFO/MainProcess] Scheduler: Sending due task Check Network Device Status Every 2 Minutes (it_purchase_list.tasks.check_network_devices_status)
[2023-12-28 02:58:48,246: INFO/MainProcess] Scheduler: Sending due task Check Network Device Status Every 2 Minutes (it_purchase_list.tasks.check_network_devices_status)
[2023-12-28 03:00:48,256: INFO/MainProcess] Scheduler: Sending due task Check Network Device Status Every 2 Minutes (it_purchase_list.tasks.check_network_devices_status)
[2023-12-28 03:02:48,267: INFO/MainProcess] Scheduler: Sending due task Check Network Device Status Every 2 Minutes (it_purchase_list.tasks.check_network_devices_status)
[2023-12-28 03:04:48,276: INFO/MainProcess] Scheduler: Sending due task Check Network Device Status Every 2 Minutes (it_purchase_list.tasks.check_network_devices_status)
[2023-12-28 03:06:48,287: INFO/MainProcess] Scheduler: Sending due task Check Network Device Status Every 2 Minutes (it_purchase_list.tasks.check_network_devices_status)
[2023-12-28 03:08:48,296: INFO/MainProcess] Scheduler: Sending due task Check Network Device Status Every 2 Minutes (it_purchase_list.tasks.check_network_devices_status)
[2023-12-28 03:10:48,307: INFO/MainProcess] Scheduler: Sending due task Check Network Device Status Every 2 Minutes (it_purchase_list.tasks.check_network_devices_status)
[2023-12-28 03:12:48,316: INFO/MainProcess] Scheduler: Sending due task Check Network Device Status Every 2 Minutes (it_purchase_list.tasks.check_network_devices_status)
[2023-12-28 03:14:48,327: INFO/MainProcess] Scheduler: Sending due task Check Network Device Status Every 2 Minutes (it_purchase_list.tasks.check_network_devices_status)
[2023-12-28 03:16:48,337: INFO/MainProcess] Scheduler: Sending due task Check Network Device Status Every 2 Minutes (it_purchase_list.tasks.check_network_devices_status)
[2023-12-28 03:18:48,348: INFO/MainProcess] Scheduler: Sending due task Check Network Device Status Every 2 Minutes (it_purchase_list.tasks.check_network_devices_status)
[2023-12-28 03:20:48,358: INFO/MainProcess] Scheduler: Sending due task Check Network Device Status Every 2 Minutes (it_purchase_list.tasks.check_network_devices_status)
[2023-12-28 03:22:48,368: INFO/MainProcess] Scheduler: Sending due task Check Network Device Status Every 2 Minutes (it_purchase_list.tasks.check_network_devices_status)
[2023-12-28 03:24:48,378: INFO/MainProcess] Scheduler: Sending due task Check Network Device Status Every 2 Minutes (it_purchase_list.tasks.check_network_devices_status)
[2023-12-28 03:26:48,389: INFO/MainProcess] Scheduler: Sending due task Check Network Device Status Every 2 Minutes (it_purchase_list.tasks.check_network_devices_status)
[2023-12-28 03:28:48,398: INFO/MainProcess] Scheduler: Sending due task Check Network Device Status Every 2 Minutes (it_purchase_list.tasks.check_network_devices_status)
[2023-12-28 03:30:48,409: INFO/MainProcess] Scheduler: Sending due task Check Network Device Status Every 2 Minutes (it_purchase_list.tasks.check_network_devices_status)
[2023-12-28 03:32:48,420: INFO/MainProcess] Scheduler: Sending due task Check Network Device Status Every 2 Minutes (it_purchase_list.tasks.check_network_devices_status)
[2023-12-28 03:34:48,430: INFO/MainProcess] Scheduler: Sending due task Check Network Device Status Every 2 Minutes (it_purchase_list.tasks.check_network_devices_status)
[2023-12-28 03:36:48,440: INFO/MainProcess] Scheduler: Sending due task Check Network Device Status Every 2 Minutes (it_purchase_list.tasks.check_network_devices_status)
[2023-12-28 03:38:48,451: INFO/MainProcess] Scheduler: Sending due task Check Network Device Status Every 2 Minutes (it_purchase_list.tasks.check_network_devices_status)
[2023-12-28 03:40:48,461: INFO/MainProcess] Scheduler: Sending due task Check Network Device Status Every 2 Minutes (it_purchase_list.tasks.check_network_devices_status)
[2023-12-28 03:42:48,472: INFO/MainProcess] Scheduler: Sending due task Check Network Device Status Every 2 Minutes (it_purchase_list.tasks.check_network_devices_status)
[2023-12-28 03:44:48,482: INFO/MainProcess] Scheduler: Sending due task Check Network Device Status Every 2 Minutes (it_purchase_list.tasks.check_network_devices_status)
[2023-12-28 03:46:48,494: INFO/MainProcess] Scheduler: Sending due task Check Network Device Status Every 2 Minutes (it_purchase_list.tasks.check_network_devices_status)
[2023-12-28 03:48:48,504: INFO/MainProcess] Scheduler: Sending due task Check Network Device Status Every 2 Minutes (it_purchase_list.tasks.check_network_devices_status)
[2023-12-28 03:50:48,516: INFO/MainProcess] Scheduler: Sending due task Check Network Device Status Every 2 Minutes (it_purchase_list.tasks.check_network_devices_status)
[2023-12-28 03:52:48,525: INFO/MainProcess] Scheduler: Sending due task Check Network Device Status Every 2 Minutes (it_purchase_list.tasks.check_network_devices_status)
[2023-12-28 03:54:48,536: INFO/MainProcess] Scheduler: Sending due task Check Network Device Status Every 2 Minutes (it_purchase_list.tasks.check_network_devices_status)
[2023-12-28 03:56:48,545: INFO/MainProcess] Scheduler: Sending due task Check Network Device Status Every 2 Minutes (it_purchase_list.tasks.check_network_devices_status)
[2023-12-28 03:58:48,556: INFO/MainProcess] Scheduler: Sending due task Check Network Device Status Every 2 Minutes (it_purchase_list.tasks.check_network_devices_status)
[2023-12-28 04:00:00,009: INFO/MainProcess] Scheduler: Sending due task celery.backend_cleanup (celery.backend_cleanup)
[2023-12-28 04:00:48,566: INFO/MainProcess] Scheduler: Sending due task Check Network Device Status Every 2 Minutes (it_purchase_list.tasks.check_network_devices_status)
[2023-12-28 04:02:48,578: INFO/MainProcess] Scheduler: Sending due task Check Network Device Status Every 2 Minutes (it_purchase_list.tasks.check_network_devices_status)
[2023-12-28 04:04:48,589: INFO/MainProcess] Scheduler: Sending due task Check Network Device Status Every 2 Minutes (it_purchase_list.tasks.check_network_devices_status)
[2023-12-28 04:06:48,600: INFO/MainProcess] Scheduler: Sending due task Check Network Device Status Every 2 Minutes (it_purchase_list.tasks.check_network_devices_status)
[2023-12-28 04:08:48,611: INFO/MainProcess] Scheduler: Sending due task Check Network Device Status Every 2 Minutes (it_purchase_list.tasks.check_network_devices_status)
[2023-12-28 04:10:48,622: INFO/MainProcess] Scheduler: Sending due task Check Network Device Status Every 2 Minutes (it_purchase_list.tasks.check_network_devices_status)
[2023-12-28 04:12:48,631: INFO/MainProcess] Scheduler: Sending due task Check Network Device Status Every 2 Minutes (it_purchase_list.tasks.check_network_devices_status)
[2023-12-28 04:14:48,642: INFO/MainProcess] Scheduler: Sending due task Check Network Device Status Every 2 Minutes (it_purchase_list.tasks.check_network_devices_status)
[2023-12-28 04:16:48,651: INFO/MainProcess] Scheduler: Sending due task Check Network Device Status Every 2 Minutes (it_purchase_list.tasks.check_network_devices_status)
[2023-12-28 04:18:48,662: INFO/MainProcess] Scheduler: Sending due task Check Network Device Status Every 2 Minutes (it_purchase_list.tasks.check_network_devices_status)
[2023-12-28 04:20:48,671: INFO/MainProcess] Scheduler: Sending due task Check Network Device Status Every 2 Minutes (it_purchase_list.tasks.check_network_devices_status)
[2023-12-28 04:22:48,683: INFO/MainProcess] Scheduler: Sending due task Check Network Device Status Every 2 Minutes (it_purchase_list.tasks.check_network_devices_status)
[2023-12-28 04:24:48,692: INFO/MainProcess] Scheduler: Sending due task Check Network Device Status Every 2 Minutes (it_purchase_list.tasks.check_network_devices_status)
[2023-12-28 04:26:48,704: INFO/MainProcess] Scheduler: Sending due task Check Network Device Status Every 2 Minutes (it_purchase_list.tasks.check_network_devices_status)
[2023-12-28 04:28:48,713: INFO/MainProcess] Scheduler: Sending due task Check Network Device Status Every 2 Minutes (it_purchase_list.tasks.check_network_devices_status)
[2023-12-28 04:30:48,724: INFO/MainProcess] Scheduler: Sending due task Check Network Device Status Every 2 Minutes (it_purchase_list.tasks.check_network_devices_status)
[2023-12-28 04:32:48,733: INFO/MainProcess] Scheduler: Sending due task Check Network Device Status Every 2 Minutes (it_purchase_list.tasks.check_network_devices_status)
[2023-12-28 04:34:48,745: INFO/MainProcess] Scheduler: Sending due task Check Network Device Status Every 2 Minutes (it_purchase_list.tasks.check_network_devices_status)
[2023-12-28 04:36:48,754: INFO/MainProcess] Scheduler: Sending due task Check Network Device Status Every 2 Minutes (it_purchase_list.tasks.check_network_devices_status)
[2023-12-28 04:38:48,765: INFO/MainProcess] Scheduler: Sending due task Check Network Device Status Every 2 Minutes (it_purchase_list.tasks.check_network_devices_status)
[2023-12-28 04:40:48,774: INFO/MainProcess] Scheduler: Sending due task Check Network Device Status Every 2 Minutes (it_purchase_list.tasks.check_network_devices_status)
[2023-12-28 04:42:48,785: INFO/MainProcess] Scheduler: Sending due task Check Network Device Status Every 2 Minutes (it_purchase_list.tasks.check_network_devices_status)
[2023-12-28 04:44:48,794: INFO/MainProcess] Scheduler: Sending due task Check Network Device Status Every 2 Minutes (it_purchase_list.tasks.check_network_devices_status)
[2023-12-28 04:46:48,805: INFO/MainProcess] Scheduler: Sending due task Check Network Device Status Every 2 Minutes (it_purchase_list.tasks.check_network_devices_status)
[2023-12-28 04:48:48,814: INFO/MainProcess] Scheduler: Sending due task Check Network Device Status Every 2 Minutes (it_purchase_list.tasks.check_network_devices_status)
[2023-12-28 04:50:48,825: INFO/MainProcess] Scheduler: Sending due task Check Network Device Status Every 2 Minutes (it_purchase_list.tasks.check_network_devices_status)
[2023-12-28 04:52:48,834: INFO/MainProcess] Scheduler: Sending due task Check Network Device Status Every 2 Minutes (it_purchase_list.tasks.check_network_devices_status)
[2023-12-28 04:54:48,844: INFO/MainProcess] Scheduler: Sending due task Check Network Device Status Every 2 Minutes (it_purchase_list.tasks.check_network_devices_status)
[2023-12-28 04:56:48,853: INFO/MainProcess] Scheduler: Sending due task Check Network Device Status Every 2 Minutes (it_purchase_list.tasks.check_network_devices_status)
[2023-12-28 04:58:48,863: INFO/MainProcess] Scheduler: Sending due task Check Network Device Status Every 2 Minutes (it_purchase_list.tasks.check_network_devices_status)
[2023-12-28 05:00:48,871: INFO/MainProcess] Scheduler: Sending due task Check Network Device Status Every 2 Minutes (it_purchase_list.tasks.check_network_devices_status)
[2023-12-28 05:02:48,882: INFO/MainProcess] Scheduler: Sending due task Check Network Device Status Every 2 Minutes (it_purchase_list.tasks.check_network_devices_status)
[2023-12-28 05:04:48,893: INFO/MainProcess] Scheduler: Sending due task Check Network Device Status Every 2 Minutes (it_purchase_list.tasks.check_network_devices_status)
[2023-12-28 05:06:48,903: INFO/MainProcess] Scheduler: Sending due task Check Network Device Status Every 2 Minutes (it_purchase_list.tasks.check_network_devices_status)
[2023-12-28 05:08:48,912: INFO/MainProcess] Scheduler: Sending due task Check Network Device Status Every 2 Minutes (it_purchase_list.tasks.check_network_devices_status)
[2023-12-28 05:10:48,923: INFO/MainProcess] Scheduler: Sending due task Check Network Device Status Every 2 Minutes (it_purchase_list.tasks.check_network_devices_status)
[2023-12-28 05:12:48,931: INFO/MainProcess] Scheduler: Sending due task Check Network Device Status Every 2 Minutes (it_purchase_list.tasks.check_network_devices_status)
[2023-12-28 05:14:48,941: INFO/MainProcess] Scheduler: Sending due task Check Network Device Status Every 2 Minutes (it_purchase_list.tasks.check_network_devices_status)
[2023-12-28 05:16:48,951: INFO/MainProcess] Scheduler: Sending due task Check Network Device Status Every 2 Minutes (it_purchase_list.tasks.check_network_devices_status)
[2023-12-28 05:18:48,961: INFO/MainProcess] Scheduler: Sending due task Check Network Device Status Every 2 Minutes (it_purchase_list.tasks.check_network_devices_status)
[2023-12-28 05:20:48,972: INFO/MainProcess] Scheduler: Sending due task Check Network Device Status Every 2 Minutes (it_purchase_list.tasks.check_network_devices_status)
[2023-12-28 05:22:48,983: INFO/MainProcess] Scheduler: Sending due task Check Network Device Status Every 2 Minutes (it_purchase_list.tasks.check_network_devices_status)
[2023-12-28 05:24:48,992: INFO/MainProcess] Scheduler: Sending due task Check Network Device Status Every 2 Minutes (it_purchase_list.tasks.check_network_devices_status)
[2023-12-28 05:26:49,003: INFO/MainProcess] Scheduler: Sending due task Check Network Device Status Every 2 Minutes (it_purchase_list.tasks.check_network_devices_status)
[2023-12-28 05:28:49,012: INFO/MainProcess] Scheduler: Sending due task Check Network Device Status Every 2 Minutes (it_purchase_list.tasks.check_network_devices_status)
[2023-12-28 05:30:49,023: INFO/MainProcess] Scheduler: Sending due task Check Network Device Status Every 2 Minutes (it_purchase_list.tasks.check_network_devices_status)
[2023-12-28 05:32:49,031: INFO/MainProcess] Scheduler: Sending due task Check Network Device Status Every 2 Minutes (it_purchase_list.tasks.check_network_devices_status)
[2023-12-28 05:34:49,042: INFO/MainProcess] Scheduler: Sending due task Check Network Device Status Every 2 Minutes (it_purchase_list.tasks.check_network_devices_status)
[2023-12-28 05:36:49,050: INFO/MainProcess] Scheduler: Sending due task Check Network Device Status Every 2 Minutes (it_purchase_list.tasks.check_network_devices_status)
[2023-12-28 05:38:49,060: INFO/MainProcess] Scheduler: Sending due task Check Network Device Status Every 2 Minutes (it_purchase_list.tasks.check_network_devices_status)
[2023-12-28 05:40:49,071: INFO/MainProcess] Scheduler: Sending due task Check Network Device Status Every 2 Minutes (it_purchase_list.tasks.check_network_devices_status)
[2023-12-28 05:42:49,081: INFO/MainProcess] Scheduler: Sending due task Check Network Device Status Every 2 Minutes (it_purchase_list.tasks.check_network_devices_status)
[2023-12-28 05:44:49,090: INFO/MainProcess] Scheduler: Sending due task Check Network Device Status Every 2 Minutes (it_purchase_list.tasks.check_network_devices_status)
[2023-12-28 05:46:49,101: INFO/MainProcess] Scheduler: Sending due task Check Network Device Status Every 2 Minutes (it_purchase_list.tasks.check_network_devices_status)
[2023-12-28 05:48:49,110: INFO/MainProcess] Scheduler: Sending due task Check Network Device Status Every 2 Minutes (it_purchase_list.tasks.check_network_devices_status)
[2023-12-28 05:50:49,121: INFO/MainProcess] Scheduler: Sending due task Check Network Device Status Every 2 Minutes (it_purchase_list.tasks.check_network_devices_status)
[2023-12-28 05:52:49,129: INFO/MainProcess] Scheduler: Sending due task Check Network Device Status Every 2 Minutes (it_purchase_list.tasks.check_network_devices_status)
[2023-12-28 05:54:49,140: INFO/MainProcess] Scheduler: Sending due task Check Network Device Status Every 2 Minutes (it_purchase_list.tasks.check_network_devices_status)
[2023-12-28 05:56:49,149: INFO/MainProcess] Scheduler: Sending due task Check Network Device Status Every 2 Minutes (it_purchase_list.tasks.check_network_devices_status)
[2023-12-28 05:58:49,160: INFO/MainProcess] Scheduler: Sending due task Check Network Device Status Every 2 Minutes (it_purchase_list.tasks.check_network_devices_status)
[2023-12-28 06:00:49,170: INFO/MainProcess] Scheduler: Sending due task Check Network Device Status Every 2 Minutes (it_purchase_list.tasks.check_network_devices_status)
[2023-12-28 06:02:49,180: INFO/MainProcess] Scheduler: Sending due task Check Network Device Status Every 2 Minutes (it_purchase_list.tasks.check_network_devices_status)
[2023-12-28 06:04:49,191: INFO/MainProcess] Scheduler: Sending due task Check Network Device Status Every 2 Minutes (it_purchase_list.tasks.check_network_devices_status)
[2023-12-28 06:06:49,201: INFO/MainProcess] Scheduler: Sending due task Check Network Device Status Every 2 Minutes (it_purchase_list.tasks.check_network_devices_status)
[2023-12-28 06:08:49,210: INFO/MainProcess] Scheduler: Sending due task Check Network Device Status Every 2 Minutes (it_purchase_list.tasks.check_network_devices_status)
[2023-12-28 06:10:49,221: INFO/MainProcess] Scheduler: Sending due task Check Network Device Status Every 2 Minutes (it_purchase_list.tasks.check_network_devices_status)
[2023-12-28 06:12:49,229: INFO/MainProcess] Scheduler: Sending due task Check Network Device Status Every 2 Minutes (it_purchase_list.tasks.check_network_devices_status)
[2023-12-28 06:14:49,240: INFO/MainProcess] Scheduler: Sending due task Check Network Device Status Every 2 Minutes (it_purchase_list.tasks.check_network_devices_status)
[2023-12-28 06:16:49,248: INFO/MainProcess] Scheduler: Sending due task Check Network Device Status Every 2 Minutes (it_purchase_list.tasks.check_network_devices_status)
[2023-12-28 06:18:49,259: INFO/MainProcess] Scheduler: Sending due task Check Network Device Status Every 2 Minutes (it_purchase_list.tasks.check_network_devices_status)
[2023-12-28 06:20:49,270: INFO/MainProcess] Scheduler: Sending due task Check Network Device Status Every 2 Minutes (it_purchase_list.tasks.check_network_devices_status)
[2023-12-28 06:22:49,280: INFO/MainProcess] Scheduler: Sending due task Check Network Device Status Every 2 Minutes (it_purchase_list.tasks.check_network_devices_status)
[2023-12-28 06:24:49,288: INFO/MainProcess] Scheduler: Sending due task Check Network Device Status Every 2 Minutes (it_purchase_list.tasks.check_network_devices_status)
[2023-12-28 06:26:49,299: INFO/MainProcess] Scheduler: Sending due task Check Network Device Status Every 2 Minutes (it_purchase_list.tasks.check_network_devices_status)
[2023-12-28 06:28:49,307: INFO/MainProcess] Scheduler: Sending due task Check Network Device Status Every 2 Minutes (it_purchase_list.tasks.check_network_devices_status)
[2023-12-28 06:30:49,318: INFO/MainProcess] Scheduler: Sending due task Check Network Device Status Every 2 Minutes (it_purchase_list.tasks.check_network_devices_status)
[2023-12-28 06:32:49,326: INFO/MainProcess] Scheduler: Sending due task Check Network Device Status Every 2 Minutes (it_purchase_list.tasks.check_network_devices_status)
[2023-12-28 06:34:49,336: INFO/MainProcess] Scheduler: Sending due task Check Network Device Status Every 2 Minutes (it_purchase_list.tasks.check_network_devices_status)
[2023-12-28 06:36:49,344: INFO/MainProcess] Scheduler: Sending due task Check Network Device Status Every 2 Minutes (it_purchase_list.tasks.check_network_devices_status)
[2023-12-28 06:38:49,354: INFO/MainProcess] Scheduler: Sending due task Check Network Device Status Every 2 Minutes (it_purchase_list.tasks.check_network_devices_status)
[2023-12-28 06:40:49,364: INFO/MainProcess] Scheduler: Sending due task Check Network Device Status Every 2 Minutes (it_purchase_list.tasks.check_network_devices_status)
[2023-12-28 06:42:49,375: INFO/MainProcess] Scheduler: Sending due task Check Network Device Status Every 2 Minutes (it_purchase_list.tasks.check_network_devices_status)
[2023-12-28 06:44:49,384: INFO/MainProcess] Scheduler: Sending due task Check Network Device Status Every 2 Minutes (it_purchase_list.tasks.check_network_devices_status)
[2023-12-28 06:46:49,394: INFO/MainProcess] Scheduler: Sending due task Check Network Device Status Every 2 Minutes (it_purchase_list.tasks.check_network_devices_status)
[2023-12-28 06:48:49,403: INFO/MainProcess] Scheduler: Sending due task Check Network Device Status Every 2 Minutes (it_purchase_list.tasks.check_network_devices_status)
[2023-12-28 06:50:49,414: INFO/MainProcess] Scheduler: Sending due task Check Network Device Status Every 2 Minutes (it_purchase_list.tasks.check_network_devices_status)
[2023-12-28 06:52:49,421: INFO/MainProcess] Scheduler: Sending due task Check Network Device Status Every 2 Minutes (it_purchase_list.tasks.check_network_devices_status)
[2023-12-28 06:54:49,433: INFO/MainProcess] Scheduler: Sending due task Check Network Device Status Every 2 Minutes (it_purchase_list.tasks.check_network_devices_status)
[2023-12-28 06:56:49,441: INFO/MainProcess] Scheduler: Sending due task Check Network Device Status Every 2 Minutes (it_purchase_list.tasks.check_network_devices_status)
[2023-12-28 06:58:49,451: INFO/MainProcess] Scheduler: Sending due task Check Network Device Status Every 2 Minutes (it_purchase_list.tasks.check_network_devices_status)
[2023-12-28 07:00:49,460: INFO/MainProcess] Scheduler: Sending due task Check Network Device Status Every 2 Minutes (it_purchase_list.tasks.check_network_devices_status)
[2023-12-28 07:02:49,471: INFO/MainProcess] Scheduler: Sending due task Check Network Device Status Every 2 Minutes (it_purchase_list.tasks.check_network_devices_status)
[2023-12-28 07:04:49,480: INFO/MainProcess] Scheduler: Sending due task Check Network Device Status Every 2 Minutes (it_purchase_list.tasks.check_network_devices_status)
[2023-12-28 07:06:49,491: INFO/MainProcess] Scheduler: Sending due task Check Network Device Status Every 2 Minutes (it_purchase_list.tasks.check_network_devices_status)
[2023-12-28 07:08:49,499: INFO/MainProcess] Scheduler: Sending due task Check Network Device Status Every 2 Minutes (it_purchase_list.tasks.check_network_devices_status)
[2023-12-28 07:10:49,509: INFO/MainProcess] Scheduler: Sending due task Check Network Device Status Every 2 Minutes (it_purchase_list.tasks.check_network_devices_status)
[2023-12-28 07:12:49,518: INFO/MainProcess] Scheduler: Sending due task Check Network Device Status Every 2 Minutes (it_purchase_list.tasks.check_network_devices_status)
[2023-12-28 07:14:49,528: INFO/MainProcess] Scheduler: Sending due task Check Network Device Status Every 2 Minutes (it_purchase_list.tasks.check_network_devices_status)
[2023-12-28 07:16:49,538: INFO/MainProcess] Scheduler: Sending due task Check Network Device Status Every 2 Minutes (it_purchase_list.tasks.check_network_devices_status)
[2023-12-28 07:18:49,549: INFO/MainProcess] Scheduler: Sending due task Check Network Device Status Every 2 Minutes (it_purchase_list.tasks.check_network_devices_status)
[2023-12-28 07:20:49,559: INFO/MainProcess] Scheduler: Sending due task Check Network Device Status Every 2 Minutes (it_purchase_list.tasks.check_network_devices_status)
[2023-12-28 07:22:49,569: INFO/MainProcess] Scheduler: Sending due task Check Network Device Status Every 2 Minutes (it_purchase_list.tasks.check_network_devices_status)
[2023-12-28 07:24:49,578: INFO/MainProcess] Scheduler: Sending due task Check Network Device Status Every 2 Minutes (it_purchase_list.tasks.check_network_devices_status)
[2023-12-28 07:26:49,588: INFO/MainProcess] Scheduler: Sending due task Check Network Device Status Every 2 Minutes (it_purchase_list.tasks.check_network_devices_status)
[2023-12-28 07:28:49,597: INFO/MainProcess] Scheduler: Sending due task Check Network Device Status Every 2 Minutes (it_purchase_list.tasks.check_network_devices_status)
[2023-12-28 07:30:49,608: INFO/MainProcess] Scheduler: Sending due task Check Network Device Status Every 2 Minutes (it_purchase_list.tasks.check_network_devices_status)
[2023-12-28 07:32:49,616: INFO/MainProcess] Scheduler: Sending due task Check Network Device Status Every 2 Minutes (it_purchase_list.tasks.check_network_devices_status)
[2023-12-28 07:34:49,627: INFO/MainProcess] Scheduler: Sending due task Check Network Device Status Every 2 Minutes (it_purchase_list.tasks.check_network_devices_status)
[2023-12-28 07:36:49,635: INFO/MainProcess] Scheduler: Sending due task Check Network Device Status Every 2 Minutes (it_purchase_list.tasks.check_network_devices_status)
[2023-12-28 07:38:49,646: INFO/MainProcess] Scheduler: Sending due task Check Network Device Status Every 2 Minutes (it_purchase_list.tasks.check_network_devices_status)
[2023-12-28 07:40:49,655: INFO/MainProcess] Scheduler: Sending due task Check Network Device Status Every 2 Minutes (it_purchase_list.tasks.check_network_devices_status)
[2023-12-28 07:42:49,666: INFO/MainProcess] Scheduler: Sending due task Check Network Device Status Every 2 Minutes (it_purchase_list.tasks.check_network_devices_status)
[2023-12-28 07:44:49,674: INFO/MainProcess] Scheduler: Sending due task Check Network Device Status Every 2 Minutes (it_purchase_list.tasks.check_network_devices_status)
[2023-12-28 07:46:49,685: INFO/MainProcess] Scheduler: Sending due task Check Network Device Status Every 2 Minutes (it_purchase_list.tasks.check_network_devices_status)
[2023-12-28 07:48:49,694: INFO/MainProcess] Scheduler: Sending due task Check Network Device Status Every 2 Minutes (it_purchase_list.tasks.check_network_devices_status)
[2023-12-28 07:50:49,705: INFO/MainProcess] Scheduler: Sending due task Check Network Device Status Every 2 Minutes (it_purchase_list.tasks.check_network_devices_status)
[2023-12-28 07:52:49,713: INFO/MainProcess] Scheduler: Sending due task Check Network Device Status Every 2 Minutes (it_purchase_list.tasks.check_network_devices_status)
[2023-12-28 07:54:49,724: INFO/MainProcess] Scheduler: Sending due task Check Network Device Status Every 2 Minutes (it_purchase_list.tasks.check_network_devices_status)
[2023-12-28 07:56:49,732: INFO/MainProcess] Scheduler: Sending due task Check Network Device Status Every 2 Minutes (it_purchase_list.tasks.check_network_devices_status)
[2023-12-28 07:58:49,743: INFO/MainProcess] Scheduler: Sending due task Check Network Device Status Every 2 Minutes (it_purchase_list.tasks.check_network_devices_status)
[2023-12-28 08:00:49,752: INFO/MainProcess] Scheduler: Sending due task Check Network Device Status Every 2 Minutes (it_purchase_list.tasks.check_network_devices_status)
[2023-12-28 08:02:49,763: INFO/MainProcess] Scheduler: Sending due task Check Network Device Status Every 2 Minutes (it_purchase_list.tasks.check_network_devices_status)
[2023-12-28 08:04:49,773: INFO/MainProcess] Scheduler: Sending due task Check Network Device Status Every 2 Minutes (it_purchase_list.tasks.check_network_devices_status)
[2023-12-28 08:06:49,783: INFO/MainProcess] Scheduler: Sending due task Check Network Device Status Every 2 Minutes (it_purchase_list.tasks.check_network_devices_status)
[2023-12-28 08:08:49,792: INFO/MainProcess] Scheduler: Sending due task Check Network Device Status Every 2 Minutes (it_purchase_list.tasks.check_network_devices_status)
[2023-12-28 08:10:49,803: INFO/MainProcess] Scheduler: Sending due task Check Network Device Status Every 2 Minutes (it_purchase_list.tasks.check_network_devices_status)
[2023-12-28 08:12:49,811: INFO/MainProcess] Scheduler: Sending due task Check Network Device Status Every 2 Minutes (it_purchase_list.tasks.check_network_devices_status)
[2023-12-28 08:14:49,821: INFO/MainProcess] Scheduler: Sending due task Check Network Device Status Every 2 Minutes (it_purchase_list.tasks.check_network_devices_status)
[2023-12-28 08:16:49,830: INFO/MainProcess] Scheduler: Sending due task Check Network Device Status Every 2 Minutes (it_purchase_list.tasks.check_network_devices_status)
[2023-12-28 08:18:49,840: INFO/MainProcess] Scheduler: Sending due task Check Network Device Status Every 2 Minutes (it_purchase_list.tasks.check_network_devices_status)
[2023-12-28 08:20:49,850: INFO/MainProcess] Scheduler: Sending due task Check Network Device Status Every 2 Minutes (it_purchase_list.tasks.check_network_devices_status)
[2023-12-28 08:22:49,860: INFO/MainProcess] Scheduler: Sending due task Check Network Device Status Every 2 Minutes (it_purchase_list.tasks.check_network_devices_status)
[2023-12-28 08:24:49,869: INFO/MainProcess] Scheduler: Sending due task Check Network Device Status Every 2 Minutes (it_purchase_list.tasks.check_network_devices_status)
[2023-12-28 08:26:49,880: INFO/MainProcess] Scheduler: Sending due task Check Network Device Status Every 2 Minutes (it_purchase_list.tasks.check_network_devices_status)
[2023-12-28 08:28:49,888: INFO/MainProcess] Scheduler: Sending due task Check Network Device Status Every 2 Minutes (it_purchase_list.tasks.check_network_devices_status)
[2023-12-28 08:30:49,898: INFO/MainProcess] Scheduler: Sending due task Check Network Device Status Every 2 Minutes (it_purchase_list.tasks.check_network_devices_status)
[2023-12-28 08:32:49,906: INFO/MainProcess] Scheduler: Sending due task Check Network Device Status Every 2 Minutes (it_purchase_list.tasks.check_network_devices_status)
[2023-12-28 08:34:49,917: INFO/MainProcess] Scheduler: Sending due task Check Network Device Status Every 2 Minutes (it_purchase_list.tasks.check_network_devices_status)
[2023-12-28 08:36:49,926: INFO/MainProcess] Scheduler: Sending due task Check Network Device Status Every 2 Minutes (it_purchase_list.tasks.check_network_devices_status)
[2023-12-28 08:38:49,936: INFO/MainProcess] Scheduler: Sending due task Check Network Device Status Every 2 Minutes (it_purchase_list.tasks.check_network_devices_status)
[2023-12-28 08:40:49,946: INFO/MainProcess] Scheduler: Sending due task Check Network Device Status Every 2 Minutes (it_purchase_list.tasks.check_network_devices_status)
[2023-12-28 08:42:49,957: INFO/MainProcess] Scheduler: Sending due task Check Network Device Status Every 2 Minutes (it_purchase_list.tasks.check_network_devices_status)
[2023-12-28 08:44:49,966: INFO/MainProcess] Scheduler: Sending due task Check Network Device Status Every 2 Minutes (it_purchase_list.tasks.check_network_devices_status)
[2023-12-28 08:46:49,976: INFO/MainProcess] Scheduler: Sending due task Check Network Device Status Every 2 Minutes (it_purchase_list.tasks.check_network_devices_status)
[2023-12-28 08:48:49,986: INFO/MainProcess] Scheduler: Sending due task Check Network Device Status Every 2 Minutes (it_purchase_list.tasks.check_network_devices_status)
[2023-12-28 08:50:49,997: INFO/MainProcess] Scheduler: Sending due task Check Network Device Status Every 2 Minutes (it_purchase_list.tasks.check_network_devices_status)
[2023-12-28 08:52:50,005: INFO/MainProcess] Scheduler: Sending due task Check Network Device Status Every 2 Minutes (it_purchase_list.tasks.check_network_devices_status)
[2023-12-28 08:54:50,016: INFO/MainProcess] Scheduler: Sending due task Check Network Device Status Every 2 Minutes (it_purchase_list.tasks.check_network_devices_status)
[2023-12-28 08:56:50,025: INFO/MainProcess] Scheduler: Sending due task Check Network Device Status Every 2 Minutes (it_purchase_list.tasks.check_network_devices_status)
[2023-12-28 08:58:50,035: INFO/MainProcess] Scheduler: Sending due task Check Network Device Status Every 2 Minutes (it_purchase_list.tasks.check_network_devices_status)
[2023-12-28 09:00:50,046: INFO/MainProcess] Scheduler: Sending due task Check Network Device Status Every 2 Minutes (it_purchase_list.tasks.check_network_devices_status)
[2023-12-28 09:02:50,057: INFO/MainProcess] Scheduler: Sending due task Check Network Device Status Every 2 Minutes (it_purchase_list.tasks.check_network_devices_status)
[2023-12-28 09:04:50,067: INFO/MainProcess] Scheduler: Sending due task Check Network Device Status Every 2 Minutes (it_purchase_list.tasks.check_network_devices_status)
[2023-12-28 09:06:50,077: INFO/MainProcess] Scheduler: Sending due task Check Network Device Status Every 2 Minutes (it_purchase_list.tasks.check_network_devices_status)
[2023-12-28 09:08:50,088: INFO/MainProcess] Scheduler: Sending due task Check Network Device Status Every 2 Minutes (it_purchase_list.tasks.check_network_devices_status)
[2023-12-28 09:10:50,099: INFO/MainProcess] Scheduler: Sending due task Check Network Device Status Every 2 Minutes (it_purchase_list.tasks.check_network_devices_status)
[2023-12-28 09:12:50,108: INFO/MainProcess] Scheduler: Sending due task Check Network Device Status Every 2 Minutes (it_purchase_list.tasks.check_network_devices_status)
[2023-12-28 09:14:50,118: INFO/MainProcess] Scheduler: Sending due task Check Network Device Status Every 2 Minutes (it_purchase_list.tasks.check_network_devices_status)
[2023-12-28 09:16:50,127: INFO/MainProcess] Scheduler: Sending due task Check Network Device Status Every 2 Minutes (it_purchase_list.tasks.check_network_devices_status)
[2023-12-28 09:18:50,137: INFO/MainProcess] Scheduler: Sending due task Check Network Device Status Every 2 Minutes (it_purchase_list.tasks.check_network_devices_status)
[2023-12-28 09:20:50,148: INFO/MainProcess] Scheduler: Sending due task Check Network Device Status Every 2 Minutes (it_purchase_list.tasks.check_network_devices_status)
[2023-12-28 09:22:50,158: INFO/MainProcess] Scheduler: Sending due task Check Network Device Status Every 2 Minutes (it_purchase_list.tasks.check_network_devices_status)
[2023-12-28 09:24:50,168: INFO/MainProcess] Scheduler: Sending due task Check Network Device Status Every 2 Minutes (it_purchase_list.tasks.check_network_devices_status)
[2023-12-28 09:26:50,178: INFO/MainProcess] Scheduler: Sending due task Check Network Device Status Every 2 Minutes (it_purchase_list.tasks.check_network_devices_status)
[2023-12-28 09:28:50,187: INFO/MainProcess] Scheduler: Sending due task Check Network Device Status Every 2 Minutes (it_purchase_list.tasks.check_network_devices_status)
[2023-12-28 09:30:50,197: INFO/MainProcess] Scheduler: Sending due task Check Network Device Status Every 2 Minutes (it_purchase_list.tasks.check_network_devices_status)
[2023-12-28 09:32:50,206: INFO/MainProcess] Scheduler: Sending due task Check Network Device Status Every 2 Minutes (it_purchase_list.tasks.check_network_devices_status)
[2023-12-28 09:34:50,216: INFO/MainProcess] Scheduler: Sending due task Check Network Device Status Every 2 Minutes (it_purchase_list.tasks.check_network_devices_status)
[2023-12-28 09:36:50,227: INFO/MainProcess] Scheduler: Sending due task Check Network Device Status Every 2 Minutes (it_purchase_list.tasks.check_network_devices_status)
[2023-12-28 09:38:50,238: INFO/MainProcess] Scheduler: Sending due task Check Network Device Status Every 2 Minutes (it_purchase_list.tasks.check_network_devices_status)
[2023-12-28 09:40:50,248: INFO/MainProcess] Scheduler: Sending due task Check Network Device Status Every 2 Minutes (it_purchase_list.tasks.check_network_devices_status)
[2023-12-28 09:42:50,259: INFO/MainProcess] Scheduler: Sending due task Check Network Device Status Every 2 Minutes (it_purchase_list.tasks.check_network_devices_status)
[2023-12-28 09:44:50,268: INFO/MainProcess] Scheduler: Sending due task Check Network Device Status Every 2 Minutes (it_purchase_list.tasks.check_network_devices_status)
[2023-12-28 09:46:50,279: INFO/MainProcess] Scheduler: Sending due task Check Network Device Status Every 2 Minutes (it_purchase_list.tasks.check_network_devices_status)
[2023-12-28 09:48:50,289: INFO/MainProcess] Scheduler: Sending due task Check Network Device Status Every 2 Minutes (it_purchase_list.tasks.check_network_devices_status)
[2023-12-28 09:50:50,299: INFO/MainProcess] Scheduler: Sending due task Check Network Device Status Every 2 Minutes (it_purchase_list.tasks.check_network_devices_status)
[2023-12-28 09:52:50,310: INFO/MainProcess] Scheduler: Sending due task Check Network Device Status Every 2 Minutes (it_purchase_list.tasks.check_network_devices_status)
[2023-12-28 09:54:50,320: INFO/MainProcess] Scheduler: Sending due task Check Network Device Status Every 2 Minutes (it_purchase_list.tasks.check_network_devices_status)
[2023-12-28 09:56:50,329: INFO/MainProcess] Scheduler: Sending due task Check Network Device Status Every 2 Minutes (it_purchase_list.tasks.check_network_devices_status)
[2023-12-28 09:58:50,340: INFO/MainProcess] Scheduler: Sending due task Check Network Device Status Every 2 Minutes (it_purchase_list.tasks.check_network_devices_status)
[2023-12-28 10:00:50,351: INFO/MainProcess] Scheduler: Sending due task Check Network Device Status Every 2 Minutes (it_purchase_list.tasks.check_network_devices_status)
[2023-12-28 10:02:50,362: INFO/MainProcess] Scheduler: Sending due task Check Network Device Status Every 2 Minutes (it_purchase_list.tasks.check_network_devices_status)
[2023-12-28 10:04:50,372: INFO/MainProcess] Scheduler: Sending due task Check Network Device Status Every 2 Minutes (it_purchase_list.tasks.check_network_devices_status)
[2023-12-28 10:06:50,383: INFO/MainProcess] Scheduler: Sending due task Check Network Device Status Every 2 Minutes (it_purchase_list.tasks.check_network_devices_status)
[2023-12-28 10:08:50,394: INFO/MainProcess] Scheduler: Sending due task Check Network Device Status Every 2 Minutes (it_purchase_list.tasks.check_network_devices_status)
[2023-12-28 10:10:50,405: INFO/MainProcess] Scheduler: Sending due task Check Network Device Status Every 2 Minutes (it_purchase_list.tasks.check_network_devices_status)
[2023-12-28 10:12:50,413: INFO/MainProcess] Scheduler: Sending due task Check Network Device Status Every 2 Minutes (it_purchase_list.tasks.check_network_devices_status)
[2023-12-28 10:14:50,423: INFO/MainProcess] Scheduler: Sending due task Check Network Device Status Every 2 Minutes (it_purchase_list.tasks.check_network_devices_status)
[2023-12-28 10:16:50,433: INFO/MainProcess] Scheduler: Sending due task Check Network Device Status Every 2 Minutes (it_purchase_list.tasks.check_network_devices_status)
[2023-12-28 10:18:50,443: INFO/MainProcess] Scheduler: Sending due task Check Network Device Status Every 2 Minutes (it_purchase_list.tasks.check_network_devices_status)
[2023-12-28 10:20:50,453: INFO/MainProcess] Scheduler: Sending due task Check Network Device Status Every 2 Minutes (it_purchase_list.tasks.check_network_devices_status)
[2023-12-28 10:22:50,462: INFO/MainProcess] Scheduler: Sending due task Check Network Device Status Every 2 Minutes (it_purchase_list.tasks.check_network_devices_status)
[2023-12-28 10:24:50,471: INFO/MainProcess] Scheduler: Sending due task Check Network Device Status Every 2 Minutes (it_purchase_list.tasks.check_network_devices_status)
[2023-12-28 10:26:50,480: INFO/MainProcess] Scheduler: Sending due task Check Network Device Status Every 2 Minutes (it_purchase_list.tasks.check_network_devices_status)
[2023-12-28 10:28:50,489: INFO/MainProcess] Scheduler: Sending due task Check Network Device Status Every 2 Minutes (it_purchase_list.tasks.check_network_devices_status)
[2023-12-28 10:30:50,499: INFO/MainProcess] Scheduler: Sending due task Check Network Device Status Every 2 Minutes (it_purchase_list.tasks.check_network_devices_status)
[2023-12-28 10:32:50,508: INFO/MainProcess] Scheduler: Sending due task Check Network Device Status Every 2 Minutes (it_purchase_list.tasks.check_network_devices_status)
[2023-12-28 10:34:50,518: INFO/MainProcess] Scheduler: Sending due task Check Network Device Status Every 2 Minutes (it_purchase_list.tasks.check_network_devices_status)
[2023-12-28 10:36:50,526: INFO/MainProcess] Scheduler: Sending due task Check Network Device Status Every 2 Minutes (it_purchase_list.tasks.check_network_devices_status)
[2023-12-28 10:38:50,537: INFO/MainProcess] Scheduler: Sending due task Check Network Device Status Every 2 Minutes (it_purchase_list.tasks.check_network_devices_status)
[2023-12-28 10:40:50,547: INFO/MainProcess] Scheduler: Sending due task Check Network Device Status Every 2 Minutes (it_purchase_list.tasks.check_network_devices_status)
[2023-12-28 10:42:50,558: INFO/MainProcess] Scheduler: Sending due task Check Network Device Status Every 2 Minutes (it_purchase_list.tasks.check_network_devices_status)
[2023-12-28 10:44:50,567: INFO/MainProcess] Scheduler: Sending due task Check Network Device Status Every 2 Minutes (it_purchase_list.tasks.check_network_devices_status)
[2023-12-28 10:46:50,578: INFO/MainProcess] Scheduler: Sending due task Check Network Device Status Every 2 Minutes (it_purchase_list.tasks.check_network_devices_status)
[2023-12-28 10:48:50,588: INFO/MainProcess] Scheduler: Sending due task Check Network Device Status Every 2 Minutes (it_purchase_list.tasks.check_network_devices_status)
[2023-12-28 10:50:50,599: INFO/MainProcess] Scheduler: Sending due task Check Network Device Status Every 2 Minutes (it_purchase_list.tasks.check_network_devices_status)
[2023-12-28 10:52:50,609: INFO/MainProcess] Scheduler: Sending due task Check Network Device Status Every 2 Minutes (it_purchase_list.tasks.check_network_devices_status)
[2023-12-28 10:54:50,620: INFO/MainProcess] Scheduler: Sending due task Check Network Device Status Every 2 Minutes (it_purchase_list.tasks.check_network_devices_status)
[2023-12-28 10:56:50,629: INFO/MainProcess] Scheduler: Sending due task Check Network Device Status Every 2 Minutes (it_purchase_list.tasks.check_network_devices_status)
[2023-12-28 10:58:50,640: INFO/MainProcess] Scheduler: Sending due task Check Network Device Status Every 2 Minutes (it_purchase_list.tasks.check_network_devices_status)
[2023-12-28 11:00:50,650: INFO/MainProcess] Scheduler: Sending due task Check Network Device Status Every 2 Minutes (it_purchase_list.tasks.check_network_devices_status)
[2023-12-28 11:02:50,661: INFO/MainProcess] Scheduler: Sending due task Check Network Device Status Every 2 Minutes (it_purchase_list.tasks.check_network_devices_status)
[2023-12-28 11:04:50,670: INFO/MainProcess] Scheduler: Sending due task Check Network Device Status Every 2 Minutes (it_purchase_list.tasks.check_network_devices_status)
[2023-12-28 11:06:50,681: INFO/MainProcess] Scheduler: Sending due task Check Network Device Status Every 2 Minutes (it_purchase_list.tasks.check_network_devices_status)
[2023-12-28 11:08:50,690: INFO/MainProcess] Scheduler: Sending due task Check Network Device Status Every 2 Minutes (it_purchase_list.tasks.check_network_devices_status)
[2023-12-28 11:10:50,700: INFO/MainProcess] Scheduler: Sending due task Check Network Device Status Every 2 Minutes (it_purchase_list.tasks.check_network_devices_status)
[2023-12-28 11:12:50,709: INFO/MainProcess] Scheduler: Sending due task Check Network Device Status Every 2 Minutes (it_purchase_list.tasks.check_network_devices_status)
[2023-12-28 11:14:50,720: INFO/MainProcess] Scheduler: Sending due task Check Network Device Status Every 2 Minutes (it_purchase_list.tasks.check_network_devices_status)
[2023-12-28 11:16:50,731: INFO/MainProcess] Scheduler: Sending due task Check Network Device Status Every 2 Minutes (it_purchase_list.tasks.check_network_devices_status)
[2023-12-28 11:18:50,741: INFO/MainProcess] Scheduler: Sending due task Check Network Device Status Every 2 Minutes (it_purchase_list.tasks.check_network_devices_status)
[2023-12-28 11:20:50,752: INFO/MainProcess] Scheduler: Sending due task Check Network Device Status Every 2 Minutes (it_purchase_list.tasks.check_network_devices_status)
